Using pre-set license
Built from '2020.3/staging' branch; Version is '2020.3.16f1 (049d6eca3c44) revision 302446'; Using compiler version '192528614'; Build Type 'Release'
OS: 'Windows 10 Home; OS build 19042.1288; Version 2009; 64bit' Language: 'en' Physical Memory: 16348 MB
BatchMode: 1, IsHumanControllingUs: 0, StartBugReporterOnCrash: 0, Is64bit: 1, IsPro: 0

 COMMAND LINE ARGUMENTS:
C:\Program Files\Unity\Hub\Editor\2020.3.16f1\Editor\Unity.exe
-adb2
-batchMode
-noUpm
-name
AssetImportWorker0
-projectPath
C:/Users/Gener/Documents/GitHub Projects/Unity Projects/3D-Game/3D Game
-logFile
Logs/AssetImportWorker0.log
-srvPort
60869
Successfully changed project path to: C:/Users/Gener/Documents/GitHub Projects/Unity Projects/3D-Game/3D Game
C:/Users/Gener/Documents/GitHub Projects/Unity Projects/3D-Game/3D Game
Using Asset Import Pipeline V2.
Refreshing native plugins compatible for Editor in 73.43 ms, found 2 plugins.
Preloading 0 native plugins for Editor in 0.00 ms.
Initialize engine version: 2020.3.16f1 (049d6eca3c44)
[Subsystems] Discovering subsystems at path C:/Program Files/Unity/Hub/Editor/2020.3.16f1/Editor/Data/Resources/UnitySubsystems
[Subsystems] Discovering subsystems at path C:/Users/Gener/Documents/GitHub Projects/Unity Projects/3D-Game/3D Game/Assets
GfxDevice: creating device client; threaded=0
Direct3D:
    Version:  Direct3D 11.0 [level 11.1]
    Renderer: NVIDIA GeForce GTX 1060 6GB (ID=0x1c03)
    Vendor:   
    VRAM:     6052 MB
    Driver:   27.21.14.5671
Shader 'Universal Render Pipeline/Particles/Lit': fallback shader 'Universal Render Pipeline/Particles/SimpleLit' not found
Initialize mono
Mono path[0] = 'C:/Program Files/Unity/Hub/Editor/2020.3.16f1/Editor/Data/Managed'
Mono path[1] = 'C:/Program Files/Unity/Hub/Editor/2020.3.16f1/Editor/Data/MonoBleedingEdge/lib/mono/unityjit'
Mono config path = 'C:/Program Files/Unity/Hub/Editor/2020.3.16f1/Editor/Data/MonoBleedingEdge/etc'
Using monoOptions --debugger-agent=transport=dt_socket,embedding=1,server=y,suspend=n,address=127.0.0.1:56120
Begin MonoManager ReloadAssembly
Registering precompiled unity dll's ...
Register platform support module: C:/Program Files/Unity/Hub/Editor/2020.3.16f1/Editor/Data/PlaybackEngines/WebGLSupport/UnityEditor.WebGL.Extensions.dll
Register platform support module: C:/Program Files/Unity/Hub/Editor/2020.3.16f1/Editor/Data/PlaybackEngines/WindowsStandaloneSupport/UnityEditor.WindowsStandalone.Extensions.dll
Registered in 0.002716 seconds.
Native extension for WindowsStandalone target not found
Native extension for WebGL target not found
Refreshing native plugins compatible for Editor in 70.08 ms, found 2 plugins.
Preloading 0 native plugins for Editor in 0.00 ms.
Mono: successfully reloaded assembly
- Completed reload, in  1.336 seconds
Domain Reload Profiling:
	ReloadAssembly (1337ms)
		BeginReloadAssembly (72ms)
			ExecutionOrderSort (0ms)
			DisableScriptedObjects (0ms)
			BackupInstance (0ms)
			ReleaseScriptingObjects (0ms)
			CreateAndSetChildDomain (1ms)
		EndReloadAssembly (470ms)
			LoadAssemblies (70ms)
			RebuildTransferFunctionScriptingTraits (0ms)
			SetupTypeCache (158ms)
			ReleaseScriptCaches (0ms)
			RebuildScriptCaches (38ms)
			SetupLoadedEditorAssemblies (193ms)
				LogAssemblyErrors (0ms)
				InitializePlatformSupportModulesInManaged (5ms)
				SetLoadedEditorAssemblies (0ms)
				RefreshPlugins (70ms)
				BeforeProcessingInitializeOnLoad (16ms)
				ProcessInitializeOnLoadAttributes (74ms)
				ProcessInitializeOnLoadMethodAttributes (26ms)
				AfterProcessingInitializeOnLoad (0ms)
				EditorAssembliesLoaded (0ms)
			ExecutionOrderSort2 (0ms)
			AwakeInstancesAfterBackupRestoration (0ms)
Platform modules already initialized, skipping
Registering precompiled user dll's ...
Registered in 0.005828 seconds.
Begin MonoManager ReloadAssembly
Native extension for WindowsStandalone target not found
Native extension for WebGL target not found
Refreshing native plugins compatible for Editor in 66.58 ms, found 2 plugins.
Preloading 0 native plugins for Editor in 0.00 ms.
Mono: successfully reloaded assembly
- Completed reload, in  1.348 seconds
Domain Reload Profiling:
	ReloadAssembly (1349ms)
		BeginReloadAssembly (150ms)
			ExecutionOrderSort (0ms)
			DisableScriptedObjects (4ms)
			BackupInstance (0ms)
			ReleaseScriptingObjects (0ms)
			CreateAndSetChildDomain (19ms)
		EndReloadAssembly (1136ms)
			LoadAssemblies (108ms)
			RebuildTransferFunctionScriptingTraits (0ms)
			SetupTypeCache (334ms)
			ReleaseScriptCaches (1ms)
			RebuildScriptCaches (59ms)
			SetupLoadedEditorAssemblies (522ms)
				LogAssemblyErrors (0ms)
				InitializePlatformSupportModulesInManaged (5ms)
				SetLoadedEditorAssemblies (0ms)
				RefreshPlugins (67ms)
				BeforeProcessingInitializeOnLoad (104ms)
				ProcessInitializeOnLoadAttributes (330ms)
				ProcessInitializeOnLoadMethodAttributes (8ms)
				AfterProcessingInitializeOnLoad (7ms)
				EditorAssembliesLoaded (0ms)
			ExecutionOrderSort2 (0ms)
			AwakeInstancesAfterBackupRestoration (6ms)
Platform modules already initialized, skipping
========================================================================
Worker process is ready to serve import requests
Shader 'Universal Render Pipeline/Particles/Lit': fallback shader 'Universal Render Pipeline/Particles/SimpleLit' not found
Launched and connected shader compiler UnityShaderCompiler.exe after 0.05 seconds
Refreshing native plugins compatible for Editor in 0.74 ms, found 2 plugins.
Preloading 0 native plugins for Editor in 0.00 ms.
Unloading 3552 Unused Serialized files (Serialized files now loaded: 0)
System memory in use before: 156.0 MB.
System memory in use after: 156.2 MB.

Unloading 22 unused Assets to reduce memory usage. Loaded Objects now: 3993.
Total: 4.417300 ms (FindLiveObjects: 0.333500 ms CreateObjectMapping: 0.391000 ms MarkObjects: 3.614100 ms  DeleteObjects: 0.077400 ms)

AssetImportParameters requested are different than current active one (requested -> active):
  custom:framework-win-MediaFoundation: 216162199b28c13a410421893ffa2e32 -> 
  custom:video-decoder-ogg-theora: a1e56fd34408186e4bbccfd4996cb3dc -> 
  custom:container-muxer-webm: aa71ff27fc2769a1b78a27578f13a17b -> 
  custom:container-demuxer-webm: 4f35f7cbe854078d1ac9338744f61a02 -> 
  custom:container-demuxer-ogg: 62fdf1f143b41e24485cea50d1cbac27 -> 
  custom:video-encoder-webm-vp8: eb34c28f22e8b96e1ab97ce403110664 -> 
  custom:video-decoder-webm-vp8: 9c59270c3fd7afecdb556c50c9e8de78 -> 
  custom:audio-decoder-ogg-vorbis: bf7c407c2cedff20999df2af8eb42d56 -> 
  custom:audio-encoder-webm-vorbis: bf7c407c2cedff20999df2af8eb42d56 -> 
========================================================================
Received Import Request.
  path: Assets/Materials/Player Mat.mat
  artifactKey: Guid(0b037f22d64b75e40932e3b8795e1167) Importer(815301076,1909f56bfc062723c751e8b465ee728b)
Start importing Assets/Materials/Player Mat.mat using Guid(0b037f22d64b75e40932e3b8795e1167) Importer(815301076,1909f56bfc062723c751e8b465ee728b)  -> (artifact id: 'b4d651c8d80d837a6de7d5e86b7dd924') in 0.228909 seconds 
  Import took 0.234875 seconds .

========================================================================
Received Import Request.
  Time since last request: 0.000295 seconds.
  path: Assets/Materials/Grid_Mat.mat
  artifactKey: Guid(1a1aaedfa0721084296b68955f0a2432) Importer(815301076,1909f56bfc062723c751e8b465ee728b)
Start importing Assets/Materials/Grid_Mat.mat using Guid(1a1aaedfa0721084296b68955f0a2432) Importer(815301076,1909f56bfc062723c751e8b465ee728b)  -> (artifact id: 'd19bd3b0e1b61cffb1fa4302c9ef0141') in 0.021512 seconds 
  Import took 0.026717 seconds .

========================================================================
Received Import Request.
  Time since last request: 18.048147 seconds.
  path: Assets/Readme.asset
  artifactKey: Guid(83c2ed844a8c74b779a4c823d16594b1) Importer(815301076,1909f56bfc062723c751e8b465ee728b)
Start importing Assets/Readme.asset using Guid(83c2ed844a8c74b779a4c823d16594b1) Importer(815301076,1909f56bfc062723c751e8b465ee728b)  -> (artifact id: '5de62fe72452bd432e2904f788c22043') in 0.008461 seconds 
  Import took 0.015633 seconds .

========================================================================
Received Import Request.
  Time since last request: 79.172946 seconds.
  path: Assets/AssetStoreOriginals/_SNAPS_PrototypingAssets
  artifactKey: Guid(3ed28051c80a1394bbf05fabb2b1b02d) Importer(815301076,1909f56bfc062723c751e8b465ee728b)
Start importing Assets/AssetStoreOriginals/_SNAPS_PrototypingAssets using Guid(3ed28051c80a1394bbf05fabb2b1b02d) Importer(815301076,1909f56bfc062723c751e8b465ee728b)  -> (artifact id: '07d460501c97a49bfbec1d7763d7f919') in 0.002952 seconds 
  Import took 0.012369 seconds .

========================================================================
Received Import Request.
  Time since last request: 1.840704 seconds.
  path: Assets/AssetStoreOriginals/_SNAPS_PrototypingAssets/SciFi_Industrial
  artifactKey: Guid(d206abfdd01eab744bc3ba138e3bd0a2) Importer(815301076,1909f56bfc062723c751e8b465ee728b)
Start importing Assets/AssetStoreOriginals/_SNAPS_PrototypingAssets/SciFi_Industrial using Guid(d206abfdd01eab744bc3ba138e3bd0a2) Importer(815301076,1909f56bfc062723c751e8b465ee728b)  -> (artifact id: '351ae0bb7140359d5b7348556af999ec') in 0.003161 seconds 
  Import took 0.010032 seconds .

========================================================================
Received Import Request.
  Time since last request: 1.285900 seconds.
  path: Assets/AssetStoreOriginals/_SNAPS_PrototypingAssets/SciFi_Industrial/Materials
  artifactKey: Guid(15da29fe25042944d9ae6afdee0aea96) Importer(815301076,1909f56bfc062723c751e8b465ee728b)
Start importing Assets/AssetStoreOriginals/_SNAPS_PrototypingAssets/SciFi_Industrial/Materials using Guid(15da29fe25042944d9ae6afdee0aea96) Importer(815301076,1909f56bfc062723c751e8b465ee728b)  -> (artifact id: 'fe0365542699ff51b5d85496276d81a2') in 0.002735 seconds 
  Import took 0.010480 seconds .

========================================================================
Received Import Request.
  Time since last request: 0.056008 seconds.
  path: Assets/AssetStoreOriginals/_SNAPS_PrototypingAssets/SciFi_Industrial/Materials/Black Metal_snaps002.mat
  artifactKey: Guid(528bab4d959abd8438a427ca2334205f) Importer(815301076,1909f56bfc062723c751e8b465ee728b)
Start importing Assets/AssetStoreOriginals/_SNAPS_PrototypingAssets/SciFi_Industrial/Materials/Black Metal_snaps002.mat using Guid(528bab4d959abd8438a427ca2334205f) Importer(815301076,1909f56bfc062723c751e8b465ee728b)  -> (artifact id: 'e983396a17e779548d5cd9ef630b1ff1') in 0.012080 seconds 
  Import took 0.017708 seconds .

========================================================================
Received Import Request.
  Time since last request: 0.000452 seconds.
  path: Assets/AssetStoreOriginals/_SNAPS_PrototypingAssets/SciFi_Industrial/Materials/Brown_snaps002.mat
  artifactKey: Guid(2c0bb951fb8a2e44a9fb35bc4af3d739) Importer(815301076,1909f56bfc062723c751e8b465ee728b)
Start importing Assets/AssetStoreOriginals/_SNAPS_PrototypingAssets/SciFi_Industrial/Materials/Brown_snaps002.mat using Guid(2c0bb951fb8a2e44a9fb35bc4af3d739) Importer(815301076,1909f56bfc062723c751e8b465ee728b)  -> (artifact id: 'f6748628fb712964e95bb6d8d414db68') in 0.013755 seconds 
  Import took 0.019161 seconds .

========================================================================
Received Import Request.
  Time since last request: 0.000315 seconds.
  path: Assets/AssetStoreOriginals/_SNAPS_PrototypingAssets/SciFi_Industrial/Materials/DeepBlue_snaps002.mat
  artifactKey: Guid(0311cbb0184a51845912c30ec478cb8e) Importer(815301076,1909f56bfc062723c751e8b465ee728b)
Start importing Assets/AssetStoreOriginals/_SNAPS_PrototypingAssets/SciFi_Industrial/Materials/DeepBlue_snaps002.mat using Guid(0311cbb0184a51845912c30ec478cb8e) Importer(815301076,1909f56bfc062723c751e8b465ee728b)  -> (artifact id: '73ceb39f802ecbcc06add58158da4a10') in 0.014624 seconds 
  Import took 0.020569 seconds .

========================================================================
Received Import Request.
  Time since last request: 0.000252 seconds.
  path: Assets/AssetStoreOriginals/_SNAPS_PrototypingAssets/SciFi_Industrial/Materials/Khaki Darker.mat
  artifactKey: Guid(ca63e1d0575d9eb4ab8e24dac32b51d9) Importer(815301076,1909f56bfc062723c751e8b465ee728b)
Start importing Assets/AssetStoreOriginals/_SNAPS_PrototypingAssets/SciFi_Industrial/Materials/Khaki Darker.mat using Guid(ca63e1d0575d9eb4ab8e24dac32b51d9) Importer(815301076,1909f56bfc062723c751e8b465ee728b)  -> (artifact id: 'd3e4b19355fa9109a2c9022e418f09bd') in 0.014510 seconds 
  Import took 0.021583 seconds .

========================================================================
Received Import Request.
  Time since last request: 0.000315 seconds.
  path: Assets/AssetStoreOriginals/_SNAPS_PrototypingAssets/SciFi_Industrial/Materials/Orange_snaps002.mat
  artifactKey: Guid(1d2cbf17d90a3884f8f0c10cd230f809) Importer(815301076,1909f56bfc062723c751e8b465ee728b)
Start importing Assets/AssetStoreOriginals/_SNAPS_PrototypingAssets/SciFi_Industrial/Materials/Orange_snaps002.mat using Guid(1d2cbf17d90a3884f8f0c10cd230f809) Importer(815301076,1909f56bfc062723c751e8b465ee728b)  -> (artifact id: '6606de6f537203e6ee5ee67751f8c4b4') in 0.013634 seconds 
  Import took 0.020896 seconds .

========================================================================
Received Import Request.
  Time since last request: 0.000339 seconds.
  path: Assets/AssetStoreOriginals/_SNAPS_PrototypingAssets/SciFi_Industrial/Materials/DarkCyan_snaps002.mat
  artifactKey: Guid(9b6f00edc7822ab47b645603f7b615b6) Importer(815301076,1909f56bfc062723c751e8b465ee728b)
Start importing Assets/AssetStoreOriginals/_SNAPS_PrototypingAssets/SciFi_Industrial/Materials/DarkCyan_snaps002.mat using Guid(9b6f00edc7822ab47b645603f7b615b6) Importer(815301076,1909f56bfc062723c751e8b465ee728b)  -> (artifact id: '4ffeb32d4c7f59d1d14521ddfd438e71') in 0.009773 seconds 
  Import took 0.015583 seconds .

========================================================================
Received Import Request.
  Time since last request: 0.000219 seconds.
  path: Assets/AssetStoreOriginals/_SNAPS_PrototypingAssets/SciFi_Industrial/Materials/Blue_snaps002.mat
  artifactKey: Guid(04076a8ba5c805c409251912da22b641) Importer(815301076,1909f56bfc062723c751e8b465ee728b)
Start importing Assets/AssetStoreOriginals/_SNAPS_PrototypingAssets/SciFi_Industrial/Materials/Blue_snaps002.mat using Guid(04076a8ba5c805c409251912da22b641) Importer(815301076,1909f56bfc062723c751e8b465ee728b)  -> (artifact id: '3bddfb440d18a3c26b22e98855282657') in 0.009696 seconds 
  Import took 0.016258 seconds .

========================================================================
Received Import Request.
  Time since last request: 0.000206 seconds.
  path: Assets/AssetStoreOriginals/_SNAPS_PrototypingAssets/SciFi_Industrial/Materials/Machine Blue Light_snaps002.mat
  artifactKey: Guid(c91ea5393f73a814888ae7c250232e43) Importer(815301076,1909f56bfc062723c751e8b465ee728b)
Start importing Assets/AssetStoreOriginals/_SNAPS_PrototypingAssets/SciFi_Industrial/Materials/Machine Blue Light_snaps002.mat using Guid(c91ea5393f73a814888ae7c250232e43) Importer(815301076,1909f56bfc062723c751e8b465ee728b)  -> (artifact id: '74f0c996bb5147f80134b9be9a56a176') in 0.009715 seconds 
  Import took 0.016500 seconds .

========================================================================
Received Import Request.
  Time since last request: 0.000196 seconds.
  path: Assets/AssetStoreOriginals/_SNAPS_PrototypingAssets/SciFi_Industrial/Materials/Machine Green Dark_snaps002.mat
  artifactKey: Guid(51e077d1f836fd5459499a9de2bf4c0a) Importer(815301076,1909f56bfc062723c751e8b465ee728b)
Start importing Assets/AssetStoreOriginals/_SNAPS_PrototypingAssets/SciFi_Industrial/Materials/Machine Green Dark_snaps002.mat using Guid(51e077d1f836fd5459499a9de2bf4c0a) Importer(815301076,1909f56bfc062723c751e8b465ee728b)  -> (artifact id: 'cc2a7ce7e3424b185c677e744640468b') in 0.010200 seconds 
  Import took 0.016084 seconds .

========================================================================
Received Import Request.
  Time since last request: 0.000188 seconds.
  path: Assets/AssetStoreOriginals/_SNAPS_PrototypingAssets/SciFi_Industrial/Materials/Gray_snaps002.mat
  artifactKey: Guid(8621dfcb3dbf229428e45425021e0875) Importer(815301076,1909f56bfc062723c751e8b465ee728b)
Start importing Assets/AssetStoreOriginals/_SNAPS_PrototypingAssets/SciFi_Industrial/Materials/Gray_snaps002.mat using Guid(8621dfcb3dbf229428e45425021e0875) Importer(815301076,1909f56bfc062723c751e8b465ee728b)  -> (artifact id: 'b8deabbdb66bcc6017c7ce313e1befbe') in 0.009959 seconds 
  Import took 0.017576 seconds .

========================================================================
Received Import Request.
  Time since last request: 0.000194 seconds.
  path: Assets/AssetStoreOriginals/_SNAPS_PrototypingAssets/SciFi_Industrial/Materials/Black Plastic_snaps002.mat
  artifactKey: Guid(7332bdaf1f2a0394ea703cbaf96db22e) Importer(815301076,1909f56bfc062723c751e8b465ee728b)
Start importing Assets/AssetStoreOriginals/_SNAPS_PrototypingAssets/SciFi_Industrial/Materials/Black Plastic_snaps002.mat using Guid(7332bdaf1f2a0394ea703cbaf96db22e) Importer(815301076,1909f56bfc062723c751e8b465ee728b)  -> (artifact id: '4fe36f7f2bed69d813df680cf65ea6c0') in 0.010356 seconds 
  Import took 0.016281 seconds .

========================================================================
Received Import Request.
  Time since last request: 0.000202 seconds.
  path: Assets/AssetStoreOriginals/_SNAPS_PrototypingAssets/SciFi_Industrial/Materials/Khaki Damp.mat
  artifactKey: Guid(4afc0ffccab963644a4b0b22117f129e) Importer(815301076,1909f56bfc062723c751e8b465ee728b)
Start importing Assets/AssetStoreOriginals/_SNAPS_PrototypingAssets/SciFi_Industrial/Materials/Khaki Damp.mat using Guid(4afc0ffccab963644a4b0b22117f129e) Importer(815301076,1909f56bfc062723c751e8b465ee728b)  -> (artifact id: '24e684b5e9ccd6932bdfef0c00e05230') in 0.009270 seconds 
  Import took 0.015406 seconds .

========================================================================
Received Import Request.
  Time since last request: 0.000253 seconds.
  path: Assets/AssetStoreOriginals/_SNAPS_PrototypingAssets/SciFi_Industrial/Materials/Khaki Dark.mat
  artifactKey: Guid(651d0db5a5db31a4e8ea67cb0bb4bdca) Importer(815301076,1909f56bfc062723c751e8b465ee728b)
Start importing Assets/AssetStoreOriginals/_SNAPS_PrototypingAssets/SciFi_Industrial/Materials/Khaki Dark.mat using Guid(651d0db5a5db31a4e8ea67cb0bb4bdca) Importer(815301076,1909f56bfc062723c751e8b465ee728b)  -> (artifact id: '2696c39f7c631d7cab04f0ee08b24ebd') in 0.009594 seconds 
  Import took 0.016392 seconds .

========================================================================
Received Import Request.
  Time since last request: 0.000222 seconds.
  path: Assets/AssetStoreOriginals/_SNAPS_PrototypingAssets/SciFi_Industrial/Materials/DarkerGray_snaps002.mat
  artifactKey: Guid(3d2110dabe6f73043ba4404830e26f36) Importer(815301076,1909f56bfc062723c751e8b465ee728b)
Start importing Assets/AssetStoreOriginals/_SNAPS_PrototypingAssets/SciFi_Industrial/Materials/DarkerGray_snaps002.mat using Guid(3d2110dabe6f73043ba4404830e26f36) Importer(815301076,1909f56bfc062723c751e8b465ee728b)  -> (artifact id: '913e1bce913975848a9709d4eee7f360') in 0.011750 seconds 
  Import took 0.017018 seconds .

========================================================================
Received Import Request.
  Time since last request: 0.000221 seconds.
  path: Assets/AssetStoreOriginals/_SNAPS_PrototypingAssets/SciFi_Industrial/Materials/Machine Green_snaps002.mat
  artifactKey: Guid(86c38cc17be868947801ac9b80453963) Importer(815301076,1909f56bfc062723c751e8b465ee728b)
Start importing Assets/AssetStoreOriginals/_SNAPS_PrototypingAssets/SciFi_Industrial/Materials/Machine Green_snaps002.mat using Guid(86c38cc17be868947801ac9b80453963) Importer(815301076,1909f56bfc062723c751e8b465ee728b)  -> (artifact id: 'eb4a05884060b2bfc87569801a657411') in 0.012704 seconds 
  Import took 0.022899 seconds .

========================================================================
Received Import Request.
  Time since last request: 0.000218 seconds.
  path: Assets/AssetStoreOriginals/_SNAPS_PrototypingAssets/SciFi_Industrial/Materials/DarkBlue_snaps002.mat
  artifactKey: Guid(c2cf96f9bc9ef0143bfb62bd0e47e566) Importer(815301076,1909f56bfc062723c751e8b465ee728b)
Start importing Assets/AssetStoreOriginals/_SNAPS_PrototypingAssets/SciFi_Industrial/Materials/DarkBlue_snaps002.mat using Guid(c2cf96f9bc9ef0143bfb62bd0e47e566) Importer(815301076,1909f56bfc062723c751e8b465ee728b)  -> (artifact id: '2194136d86fa5246ad4d5f123a04f502') in 0.009132 seconds 
  Import took 0.015027 seconds .

========================================================================
Received Import Request.
  Time since last request: 0.000252 seconds.
  path: Assets/AssetStoreOriginals/_SNAPS_PrototypingAssets/SciFi_Industrial/Materials/Machine Blue_snaps002.mat
  artifactKey: Guid(abbba6a8ef5ae9f4b864662d522758b1) Importer(815301076,1909f56bfc062723c751e8b465ee728b)
Start importing Assets/AssetStoreOriginals/_SNAPS_PrototypingAssets/SciFi_Industrial/Materials/Machine Blue_snaps002.mat using Guid(abbba6a8ef5ae9f4b864662d522758b1) Importer(815301076,1909f56bfc062723c751e8b465ee728b)  -> (artifact id: 'fbd4eb5ae4e0e4366e01b8463ee0cbdb') in 0.010692 seconds 
  Import took 0.016573 seconds .

========================================================================
Received Import Request.
  Time since last request: 0.000202 seconds.
  path: Assets/AssetStoreOriginals/_SNAPS_PrototypingAssets/SciFi_Industrial/Materials/DarkGray_snaps002.mat
  artifactKey: Guid(15cb6b096bb78c7479c93c6e26153387) Importer(815301076,1909f56bfc062723c751e8b465ee728b)
Start importing Assets/AssetStoreOriginals/_SNAPS_PrototypingAssets/SciFi_Industrial/Materials/DarkGray_snaps002.mat using Guid(15cb6b096bb78c7479c93c6e26153387) Importer(815301076,1909f56bfc062723c751e8b465ee728b)  -> (artifact id: '64e5a604e97ede685c490c74a60ca6dc') in 0.010625 seconds 
  Import took 0.017522 seconds .

========================================================================
Received Import Request.
  Time since last request: 0.000203 seconds.
  path: Assets/AssetStoreOriginals/_SNAPS_PrototypingAssets/SciFi_Industrial/Materials/BlueWindow_snaps002.mat
  artifactKey: Guid(50e8d87218c9f9649975e35ca3232d32) Importer(815301076,1909f56bfc062723c751e8b465ee728b)
Start importing Assets/AssetStoreOriginals/_SNAPS_PrototypingAssets/SciFi_Industrial/Materials/BlueWindow_snaps002.mat using Guid(50e8d87218c9f9649975e35ca3232d32) Importer(815301076,1909f56bfc062723c751e8b465ee728b)  -> (artifact id: 'd82cace6c424b38bd636639666b036e6') in 0.012935 seconds 
  Import took 0.020442 seconds .

========================================================================
Received Import Request.
  Time since last request: 0.000290 seconds.
  path: Assets/AssetStoreOriginals/_SNAPS_PrototypingAssets/SciFi_Industrial/Materials/BrownDark_snaps002.mat
  artifactKey: Guid(019b68caeea34ac4bb7e667c4f32c5df) Importer(815301076,1909f56bfc062723c751e8b465ee728b)
Start importing Assets/AssetStoreOriginals/_SNAPS_PrototypingAssets/SciFi_Industrial/Materials/BrownDark_snaps002.mat using Guid(019b68caeea34ac4bb7e667c4f32c5df) Importer(815301076,1909f56bfc062723c751e8b465ee728b)  -> (artifact id: '9a96b475e472c43f7b3079245d061027') in 0.010188 seconds 
  Import took 0.016723 seconds .

========================================================================
Received Import Request.
  Time since last request: 0.000244 seconds.
  path: Assets/AssetStoreOriginals/_SNAPS_PrototypingAssets/SciFi_Industrial/Materials/Green_snaps002.mat
  artifactKey: Guid(cff86b3f8014a6e4babecc006d77e004) Importer(815301076,1909f56bfc062723c751e8b465ee728b)
Start importing Assets/AssetStoreOriginals/_SNAPS_PrototypingAssets/SciFi_Industrial/Materials/Green_snaps002.mat using Guid(cff86b3f8014a6e4babecc006d77e004) Importer(815301076,1909f56bfc062723c751e8b465ee728b)  -> (artifact id: 'a4b79b2f795cac36e0d89485c55f4738') in 0.011167 seconds 
  Import took 0.019600 seconds .

========================================================================
Received Import Request.
  Time since last request: 0.000208 seconds.
  path: Assets/AssetStoreOriginals/_SNAPS_PrototypingAssets/SciFi_Industrial/Materials/Black_snaps002.mat
  artifactKey: Guid(8440f7c46cde87942a79d9125f40ae89) Importer(815301076,1909f56bfc062723c751e8b465ee728b)
Start importing Assets/AssetStoreOriginals/_SNAPS_PrototypingAssets/SciFi_Industrial/Materials/Black_snaps002.mat using Guid(8440f7c46cde87942a79d9125f40ae89) Importer(815301076,1909f56bfc062723c751e8b465ee728b)  -> (artifact id: '2e45e12875e6a7fb39132debea0addb4') in 0.010989 seconds 
  Import took 0.018129 seconds .

========================================================================
Received Import Request.
  Time since last request: 0.000204 seconds.
  path: Assets/AssetStoreOriginals/_SNAPS_PrototypingAssets/SciFi_Industrial/Materials/LightBlue_snaps002.mat
  artifactKey: Guid(4b600b0043b600a42a640a24ab4dea01) Importer(815301076,1909f56bfc062723c751e8b465ee728b)
Start importing Assets/AssetStoreOriginals/_SNAPS_PrototypingAssets/SciFi_Industrial/Materials/LightBlue_snaps002.mat using Guid(4b600b0043b600a42a640a24ab4dea01) Importer(815301076,1909f56bfc062723c751e8b465ee728b)  -> (artifact id: 'd250d0ceab127f6fe78646ca7b7736ea') in 0.010459 seconds 
  Import took 0.015950 seconds .

========================================================================
Received Import Request.
  Time since last request: 0.000221 seconds.
  path: Assets/AssetStoreOriginals/_SNAPS_PrototypingAssets/SciFi_Industrial/Materials/Machine Orange Dark_snaps002.mat
  artifactKey: Guid(79bf7ae28ff43cc4ca939f5652f4d38b) Importer(815301076,1909f56bfc062723c751e8b465ee728b)
Start importing Assets/AssetStoreOriginals/_SNAPS_PrototypingAssets/SciFi_Industrial/Materials/Machine Orange Dark_snaps002.mat using Guid(79bf7ae28ff43cc4ca939f5652f4d38b) Importer(815301076,1909f56bfc062723c751e8b465ee728b)  -> (artifact id: '8e21dcbf5a898093a4bf1dfee9881fd4') in 0.009206 seconds 
  Import took 0.016451 seconds .

========================================================================
Received Import Request.
  Time since last request: 0.000207 seconds.
  path: Assets/AssetStoreOriginals/_SNAPS_PrototypingAssets/SciFi_Industrial/Materials/Machine Blue Dark_snaps002.mat
  artifactKey: Guid(779370d176aafca40a59fafa5ba422d3) Importer(815301076,1909f56bfc062723c751e8b465ee728b)
Start importing Assets/AssetStoreOriginals/_SNAPS_PrototypingAssets/SciFi_Industrial/Materials/Machine Blue Dark_snaps002.mat using Guid(779370d176aafca40a59fafa5ba422d3) Importer(815301076,1909f56bfc062723c751e8b465ee728b)  -> (artifact id: 'ae65315e0775b09fe2af43c3ffd484c6') in 0.011164 seconds 
  Import took 0.017197 seconds .

========================================================================
Received Import Request.
  Time since last request: 0.000192 seconds.
  path: Assets/AssetStoreOriginals/_SNAPS_PrototypingAssets/SciFi_Industrial/Materials/Khaki_snaps002.mat
  artifactKey: Guid(4f6a32ae4320c1d489759d620e71be9b) Importer(815301076,1909f56bfc062723c751e8b465ee728b)
Start importing Assets/AssetStoreOriginals/_SNAPS_PrototypingAssets/SciFi_Industrial/Materials/Khaki_snaps002.mat using Guid(4f6a32ae4320c1d489759d620e71be9b) Importer(815301076,1909f56bfc062723c751e8b465ee728b)  -> (artifact id: 'c07be16a8c258c7cebeddbaa47e8576c') in 0.010901 seconds 
  Import took 0.017894 seconds .

========================================================================
Received Import Request.
  Time since last request: 0.000207 seconds.
  path: Assets/AssetStoreOriginals/_SNAPS_PrototypingAssets/SciFi_Industrial/Materials/GreenBlack_snaps002.mat
  artifactKey: Guid(38f55b85103d762478d8298d58d90704) Importer(815301076,1909f56bfc062723c751e8b465ee728b)
Start importing Assets/AssetStoreOriginals/_SNAPS_PrototypingAssets/SciFi_Industrial/Materials/GreenBlack_snaps002.mat using Guid(38f55b85103d762478d8298d58d90704) Importer(815301076,1909f56bfc062723c751e8b465ee728b)  -> (artifact id: 'e6569809829dab45f00c2fa1a48b6b80') in 0.010087 seconds 
  Import took 0.016002 seconds .

========================================================================
Received Import Request.
  Time since last request: 0.000210 seconds.
  path: Assets/AssetStoreOriginals/_SNAPS_PrototypingAssets/SciFi_Industrial/Materials/Machine Orange Light_snaps002.mat
  artifactKey: Guid(dfe499413b9e65e409dcfaa1013609fb) Importer(815301076,1909f56bfc062723c751e8b465ee728b)
Start importing Assets/AssetStoreOriginals/_SNAPS_PrototypingAssets/SciFi_Industrial/Materials/Machine Orange Light_snaps002.mat using Guid(dfe499413b9e65e409dcfaa1013609fb) Importer(815301076,1909f56bfc062723c751e8b465ee728b)  -> (artifact id: '99e80328539b3f1a5749fda6d9dcfa40') in 0.010150 seconds 
  Import took 0.016513 seconds .

========================================================================
Received Import Request.
  Time since last request: 0.000206 seconds.
  path: Assets/AssetStoreOriginals/_SNAPS_PrototypingAssets/SciFi_Industrial/Materials/LightGray_snaps002.mat
  artifactKey: Guid(ae2efeea9c901af48b6bb19d9981d5d2) Importer(815301076,1909f56bfc062723c751e8b465ee728b)
Start importing Assets/AssetStoreOriginals/_SNAPS_PrototypingAssets/SciFi_Industrial/Materials/LightGray_snaps002.mat using Guid(ae2efeea9c901af48b6bb19d9981d5d2) Importer(815301076,1909f56bfc062723c751e8b465ee728b)  -> (artifact id: '82c5833a3936909cde7710ebbd63eea2') in 0.013270 seconds 
  Import took 0.018548 seconds .

========================================================================
Received Import Request.
  Time since last request: 0.000205 seconds.
  path: Assets/AssetStoreOriginals/_SNAPS_PrototypingAssets/SciFi_Industrial/Materials/Gold_snaps002.mat
  artifactKey: Guid(f6acf520cc3bc374dbffd256f175bd4d) Importer(815301076,1909f56bfc062723c751e8b465ee728b)
Start importing Assets/AssetStoreOriginals/_SNAPS_PrototypingAssets/SciFi_Industrial/Materials/Gold_snaps002.mat using Guid(f6acf520cc3bc374dbffd256f175bd4d) Importer(815301076,1909f56bfc062723c751e8b465ee728b)  -> (artifact id: 'fc2471556392420f6c9ae1311ed3dbfe') in 0.010939 seconds 
  Import took 0.017076 seconds .

========================================================================
Received Import Request.
  Time since last request: 0.000238 seconds.
  path: Assets/AssetStoreOriginals/_SNAPS_PrototypingAssets/SciFi_Industrial/Materials/Machine Green Light_snaps002.mat
  artifactKey: Guid(3f95858cfa41c214495626e4e810179e) Importer(815301076,1909f56bfc062723c751e8b465ee728b)
Start importing Assets/AssetStoreOriginals/_SNAPS_PrototypingAssets/SciFi_Industrial/Materials/Machine Green Light_snaps002.mat using Guid(3f95858cfa41c214495626e4e810179e) Importer(815301076,1909f56bfc062723c751e8b465ee728b)  -> (artifact id: '7b26c1152f74918dd08d534ea7938bc3') in 0.010473 seconds 
  Import took 0.016358 seconds .

========================================================================
Received Import Request.
  Time since last request: 0.000284 seconds.
  path: Assets/AssetStoreOriginals/_SNAPS_PrototypingAssets/SciFi_Industrial/Materials/GreenDark_snaps002.mat
  artifactKey: Guid(6f5b522968a198d40a19799562c3eae2) Importer(815301076,1909f56bfc062723c751e8b465ee728b)
Start importing Assets/AssetStoreOriginals/_SNAPS_PrototypingAssets/SciFi_Industrial/Materials/GreenDark_snaps002.mat using Guid(6f5b522968a198d40a19799562c3eae2) Importer(815301076,1909f56bfc062723c751e8b465ee728b)  -> (artifact id: '0ad6957b71b3ecd85fdae8777ee12eb5') in 0.010046 seconds 
  Import took 0.017768 seconds .

========================================================================
Received Import Request.
  Time since last request: 0.000203 seconds.
  path: Assets/AssetStoreOriginals/_SNAPS_PrototypingAssets/SciFi_Industrial/Materials/BrownLight_snaps002.mat
  artifactKey: Guid(9dd3f5b3049028f4e948921f3bf87f79) Importer(815301076,1909f56bfc062723c751e8b465ee728b)
Start importing Assets/AssetStoreOriginals/_SNAPS_PrototypingAssets/SciFi_Industrial/Materials/BrownLight_snaps002.mat using Guid(9dd3f5b3049028f4e948921f3bf87f79) Importer(815301076,1909f56bfc062723c751e8b465ee728b)  -> (artifact id: 'f9bb0737d2642829a3e397784effc3ee') in 0.011941 seconds 
  Import took 0.019152 seconds .

========================================================================
Received Import Request.
  Time since last request: 0.000210 seconds.
  path: Assets/AssetStoreOriginals/_SNAPS_PrototypingAssets/SciFi_Industrial/Materials/MachineOrange_snaps002.mat
  artifactKey: Guid(80507923a3333a6498095c8c364d7983) Importer(815301076,1909f56bfc062723c751e8b465ee728b)
Start importing Assets/AssetStoreOriginals/_SNAPS_PrototypingAssets/SciFi_Industrial/Materials/MachineOrange_snaps002.mat using Guid(80507923a3333a6498095c8c364d7983) Importer(815301076,1909f56bfc062723c751e8b465ee728b)  -> (artifact id: 'd2cb0dab98718a065fed16bf8adfda6e') in 0.012190 seconds 
  Import took 0.017686 seconds .

========================================================================
Received Import Request.
  Time since last request: 0.002954 seconds.
  path: Assets/AssetStoreOriginals/_SNAPS_PrototypingAssets/SciFi_Industrial/Materials/MachineOrange_snaps002.mat
  artifactKey: Guid(80507923a3333a6498095c8c364d7983) Importer(815301076,1909f56bfc062723c751e8b465ee728b)
Start importing Assets/AssetStoreOriginals/_SNAPS_PrototypingAssets/SciFi_Industrial/Materials/MachineOrange_snaps002.mat using Guid(80507923a3333a6498095c8c364d7983) Importer(815301076,1909f56bfc062723c751e8b465ee728b)  -> (artifact id: 'd2cb0dab98718a065fed16bf8adfda6e') in 0.010535 seconds 
  Import took 0.015821 seconds .

========================================================================
Received Import Request.
  Time since last request: 11.534149 seconds.
  path: Assets/AssetStoreOriginals/_SNAPS_PrototypingAssets/SciFi_Industrial/Materials/Black Metal_snaps002 1.mat
  artifactKey: Guid(fbbc583c2d83f2647abbf4b963422fac) Importer(815301076,1909f56bfc062723c751e8b465ee728b)
Start importing Assets/AssetStoreOriginals/_SNAPS_PrototypingAssets/SciFi_Industrial/Materials/Black Metal_snaps002 1.mat using Guid(fbbc583c2d83f2647abbf4b963422fac) Importer(815301076,1909f56bfc062723c751e8b465ee728b)  -> (artifact id: 'fb93f274cf4d2cf28e84a63ae57a22fc') in 0.010930 seconds 
  Import took 0.017559 seconds .

========================================================================
Received Import Request.
  Time since last request: 0.000267 seconds.
  path: Assets/AssetStoreOriginals/_SNAPS_PrototypingAssets/SciFi_Industrial/Materials/GreenDark_snaps002 1.mat
  artifactKey: Guid(e9bff0c0cdce23a4dbb21159788eff65) Importer(815301076,1909f56bfc062723c751e8b465ee728b)
Start importing Assets/AssetStoreOriginals/_SNAPS_PrototypingAssets/SciFi_Industrial/Materials/GreenDark_snaps002 1.mat using Guid(e9bff0c0cdce23a4dbb21159788eff65) Importer(815301076,1909f56bfc062723c751e8b465ee728b)  -> (artifact id: '9c952aa879b2053b64363334fbc230b3') in 0.011716 seconds 
  Import took 0.017946 seconds .

========================================================================
Received Import Request.
  Time since last request: 0.000299 seconds.
  path: Assets/AssetStoreOriginals/_SNAPS_PrototypingAssets/SciFi_Industrial/Materials/Blue_snaps002 1.mat
  artifactKey: Guid(d80a5bd57cdbbdd4eb2c05181c0b3b95) Importer(815301076,1909f56bfc062723c751e8b465ee728b)
Start importing Assets/AssetStoreOriginals/_SNAPS_PrototypingAssets/SciFi_Industrial/Materials/Blue_snaps002 1.mat using Guid(d80a5bd57cdbbdd4eb2c05181c0b3b95) Importer(815301076,1909f56bfc062723c751e8b465ee728b)  -> (artifact id: 'b9e16b53a204de70bdc6f362faef118b') in 0.010322 seconds 
  Import took 0.016345 seconds .

========================================================================
Received Import Request.
  Time since last request: 0.000273 seconds.
  path: Assets/AssetStoreOriginals/_SNAPS_PrototypingAssets/SciFi_Industrial/Materials/Black_snaps002 1.mat
  artifactKey: Guid(beb5f92bb2ec5df49996a92cc433f9bf) Importer(815301076,1909f56bfc062723c751e8b465ee728b)
Start importing Assets/AssetStoreOriginals/_SNAPS_PrototypingAssets/SciFi_Industrial/Materials/Black_snaps002 1.mat using Guid(beb5f92bb2ec5df49996a92cc433f9bf) Importer(815301076,1909f56bfc062723c751e8b465ee728b)  -> (artifact id: '60b7905612bb853497777f58055f75a3') in 0.010552 seconds 
  Import took 0.017426 seconds .

========================================================================
Received Import Request.
  Time since last request: 0.000224 seconds.
  path: Assets/AssetStoreOriginals/_SNAPS_PrototypingAssets/SciFi_Industrial/Materials/Gray_snaps002 1.mat
  artifactKey: Guid(ec5d5c0c9974194499f0e1e0135e7d45) Importer(815301076,1909f56bfc062723c751e8b465ee728b)
Start importing Assets/AssetStoreOriginals/_SNAPS_PrototypingAssets/SciFi_Industrial/Materials/Gray_snaps002 1.mat using Guid(ec5d5c0c9974194499f0e1e0135e7d45) Importer(815301076,1909f56bfc062723c751e8b465ee728b)  -> (artifact id: '8101433ba2ee72ee0ee629cb6d3a6095') in 0.011580 seconds 
  Import took 0.018399 seconds .

========================================================================
Received Import Request.
  Time since last request: 0.000101 seconds.
  path: Assets/AssetStoreOriginals/_SNAPS_PrototypingAssets/SciFi_Industrial/Materials/Black Plastic_snaps002 1.mat
  artifactKey: Guid(15a4cbf548461c9488d06bba98a21c3e) Importer(815301076,1909f56bfc062723c751e8b465ee728b)
Start importing Assets/AssetStoreOriginals/_SNAPS_PrototypingAssets/SciFi_Industrial/Materials/Black Plastic_snaps002 1.mat using Guid(15a4cbf548461c9488d06bba98a21c3e) Importer(815301076,1909f56bfc062723c751e8b465ee728b)  -> (artifact id: 'cf07676730b53dbba7af6783347c2f98') in 0.010664 seconds 
  Import took 0.016095 seconds .

========================================================================
Received Import Request.
  Time since last request: 0.000175 seconds.
  path: Assets/AssetStoreOriginals/_SNAPS_PrototypingAssets/SciFi_Industrial/Materials/Brown_snaps002 1.mat
  artifactKey: Guid(1dc947f66d610064997fe64032eab7cb) Importer(815301076,1909f56bfc062723c751e8b465ee728b)
Start importing Assets/AssetStoreOriginals/_SNAPS_PrototypingAssets/SciFi_Industrial/Materials/Brown_snaps002 1.mat using Guid(1dc947f66d610064997fe64032eab7cb) Importer(815301076,1909f56bfc062723c751e8b465ee728b)  -> (artifact id: '1436a6592e12fb337fa1aed303e3b903') in 0.008863 seconds 
  Import took 0.014258 seconds .

========================================================================
Received Import Request.
  Time since last request: 0.000192 seconds.
  path: Assets/AssetStoreOriginals/_SNAPS_PrototypingAssets/SciFi_Industrial/Materials/Black_snaps002 1.mat
  artifactKey: Guid(beb5f92bb2ec5df49996a92cc433f9bf) Importer(815301076,1909f56bfc062723c751e8b465ee728b)
Start importing Assets/AssetStoreOriginals/_SNAPS_PrototypingAssets/SciFi_Industrial/Materials/Black_snaps002 1.mat using Guid(beb5f92bb2ec5df49996a92cc433f9bf) Importer(815301076,1909f56bfc062723c751e8b465ee728b)  -> (artifact id: '60b7905612bb853497777f58055f75a3') in 0.008174 seconds 
  Import took 0.013002 seconds .

========================================================================
Received Import Request.
  Time since last request: 0.000203 seconds.
  path: Assets/AssetStoreOriginals/_SNAPS_PrototypingAssets/SciFi_Industrial/Materials/DarkGray_snaps002 1.mat
  artifactKey: Guid(a434e3c4d1bf6bd41a5a1e0adb1eede2) Importer(815301076,1909f56bfc062723c751e8b465ee728b)
Start importing Assets/AssetStoreOriginals/_SNAPS_PrototypingAssets/SciFi_Industrial/Materials/DarkGray_snaps002 1.mat using Guid(a434e3c4d1bf6bd41a5a1e0adb1eede2) Importer(815301076,1909f56bfc062723c751e8b465ee728b)  -> (artifact id: '5380511aa8b3dc5f90efb651267056de') in 0.008714 seconds 
  Import took 0.014017 seconds .

========================================================================
Received Import Request.
  Time since last request: 0.000209 seconds.
  path: Assets/AssetStoreOriginals/_SNAPS_PrototypingAssets/SciFi_Industrial/Materials/Khaki Damp 1.mat
  artifactKey: Guid(09e9a6f1688dbb5479037002b8c6a39c) Importer(815301076,1909f56bfc062723c751e8b465ee728b)
Start importing Assets/AssetStoreOriginals/_SNAPS_PrototypingAssets/SciFi_Industrial/Materials/Khaki Damp 1.mat using Guid(09e9a6f1688dbb5479037002b8c6a39c) Importer(815301076,1909f56bfc062723c751e8b465ee728b)  -> (artifact id: '518e8d7ac968b5dd883f8e6bb598ddc5') in 0.008633 seconds 
  Import took 0.013600 seconds .

========================================================================
Received Import Request.
  Time since last request: 0.000225 seconds.
  path: Assets/AssetStoreOriginals/_SNAPS_PrototypingAssets/SciFi_Industrial/Materials/GreenBlack_snaps002 1.mat
  artifactKey: Guid(4adef809319a25c4c94a2da86af70811) Importer(815301076,1909f56bfc062723c751e8b465ee728b)
Start importing Assets/AssetStoreOriginals/_SNAPS_PrototypingAssets/SciFi_Industrial/Materials/GreenBlack_snaps002 1.mat using Guid(4adef809319a25c4c94a2da86af70811) Importer(815301076,1909f56bfc062723c751e8b465ee728b)  -> (artifact id: 'a468582e36086639a012644f4d8aa127') in 0.009142 seconds 
  Import took 0.014178 seconds .

========================================================================
Received Import Request.
  Time since last request: 0.000224 seconds.
  path: Assets/AssetStoreOriginals/_SNAPS_PrototypingAssets/SciFi_Industrial/Materials/BrownDark_snaps002 1.mat
  artifactKey: Guid(2d67e97a7dae1a340a4d087f9b208204) Importer(815301076,1909f56bfc062723c751e8b465ee728b)
Start importing Assets/AssetStoreOriginals/_SNAPS_PrototypingAssets/SciFi_Industrial/Materials/BrownDark_snaps002 1.mat using Guid(2d67e97a7dae1a340a4d087f9b208204) Importer(815301076,1909f56bfc062723c751e8b465ee728b)  -> (artifact id: '004005ff251690b7831d29ef372a73d8') in 0.009289 seconds 
  Import took 0.014829 seconds .

========================================================================
Received Import Request.
  Time since last request: 0.000208 seconds.
  path: Assets/AssetStoreOriginals/_SNAPS_PrototypingAssets/SciFi_Industrial/Materials/DeepBlue_snaps002 1.mat
  artifactKey: Guid(3d64f9e3bfb74ee44be28369e7deabf2) Importer(815301076,1909f56bfc062723c751e8b465ee728b)
Start importing Assets/AssetStoreOriginals/_SNAPS_PrototypingAssets/SciFi_Industrial/Materials/DeepBlue_snaps002 1.mat using Guid(3d64f9e3bfb74ee44be28369e7deabf2) Importer(815301076,1909f56bfc062723c751e8b465ee728b)  -> (artifact id: '3b1a368871bafa75827868e205a89193') in 0.009806 seconds 
  Import took 0.017114 seconds .

========================================================================
Received Import Request.
  Time since last request: 0.000205 seconds.
  path: Assets/AssetStoreOriginals/_SNAPS_PrototypingAssets/SciFi_Industrial/Materials/Gold_snaps002 1.mat
  artifactKey: Guid(1062c7dca65b8c44eac54133a11ab719) Importer(815301076,1909f56bfc062723c751e8b465ee728b)
Start importing Assets/AssetStoreOriginals/_SNAPS_PrototypingAssets/SciFi_Industrial/Materials/Gold_snaps002 1.mat using Guid(1062c7dca65b8c44eac54133a11ab719) Importer(815301076,1909f56bfc062723c751e8b465ee728b)  -> (artifact id: '7e4198696659504ef712ad69db51e71f') in 0.011000 seconds 
  Import took 0.017109 seconds .

========================================================================
Received Import Request.
  Time since last request: 0.000232 seconds.
  path: Assets/AssetStoreOriginals/_SNAPS_PrototypingAssets/SciFi_Industrial/Materials/Green_snaps002 1.mat
  artifactKey: Guid(744680157762b004a88281939b339039) Importer(815301076,1909f56bfc062723c751e8b465ee728b)
Start importing Assets/AssetStoreOriginals/_SNAPS_PrototypingAssets/SciFi_Industrial/Materials/Green_snaps002 1.mat using Guid(744680157762b004a88281939b339039) Importer(815301076,1909f56bfc062723c751e8b465ee728b)  -> (artifact id: 'a3c9472580d56f44c10d06eebbc42ddc') in 0.012147 seconds 
  Import took 0.020094 seconds .

========================================================================
Received Import Request.
  Time since last request: 0.000219 seconds.
  path: Assets/AssetStoreOriginals/_SNAPS_PrototypingAssets/SciFi_Industrial/Materials/BlueWindow_snaps002 1.mat
  artifactKey: Guid(0087b94606c6f0644805090485659a87) Importer(815301076,1909f56bfc062723c751e8b465ee728b)
Start importing Assets/AssetStoreOriginals/_SNAPS_PrototypingAssets/SciFi_Industrial/Materials/BlueWindow_snaps002 1.mat using Guid(0087b94606c6f0644805090485659a87) Importer(815301076,1909f56bfc062723c751e8b465ee728b)  -> (artifact id: '12ab01fdc95966b08142c7d5ad53f84b') in 0.008545 seconds 
  Import took 0.014854 seconds .

========================================================================
Received Import Request.
  Time since last request: 0.022221 seconds.
  path: Assets/AssetStoreOriginals/_SNAPS_PrototypingAssets/SciFi_Industrial/Materials/Green_snaps002 1.mat
  artifactKey: Guid(744680157762b004a88281939b339039) Importer(815301076,1909f56bfc062723c751e8b465ee728b)
Start importing Assets/AssetStoreOriginals/_SNAPS_PrototypingAssets/SciFi_Industrial/Materials/Green_snaps002 1.mat using Guid(744680157762b004a88281939b339039) Importer(815301076,1909f56bfc062723c751e8b465ee728b)  -> (artifact id: 'a3c9472580d56f44c10d06eebbc42ddc') in 0.012020 seconds 
  Import took 0.018123 seconds .

========================================================================
Received Import Request.
  Time since last request: 0.828422 seconds.
  path: Assets/AssetStoreOriginals/_SNAPS_PrototypingAssets/SciFi_Industrial/Materials/Khaki Dark 1.mat
  artifactKey: Guid(84f50bb36f491394ca9128b5931d006d) Importer(815301076,1909f56bfc062723c751e8b465ee728b)
Start importing Assets/AssetStoreOriginals/_SNAPS_PrototypingAssets/SciFi_Industrial/Materials/Khaki Dark 1.mat using Guid(84f50bb36f491394ca9128b5931d006d) Importer(815301076,1909f56bfc062723c751e8b465ee728b)  -> (artifact id: 'c9780e02bdfa8a469b57bb3303569df5') in 0.009262 seconds 
  Import took 0.015737 seconds .

========================================================================
Received Import Request.
  Time since last request: 0.003253 seconds.
  path: Assets/AssetStoreOriginals/_SNAPS_PrototypingAssets/SciFi_Industrial/Materials/Khaki Dark 1.mat
  artifactKey: Guid(84f50bb36f491394ca9128b5931d006d) Importer(815301076,1909f56bfc062723c751e8b465ee728b)
Start importing Assets/AssetStoreOriginals/_SNAPS_PrototypingAssets/SciFi_Industrial/Materials/Khaki Dark 1.mat using Guid(84f50bb36f491394ca9128b5931d006d) Importer(815301076,1909f56bfc062723c751e8b465ee728b)  -> (artifact id: 'c9780e02bdfa8a469b57bb3303569df5') in 0.010075 seconds 
  Import took 0.016384 seconds .

========================================================================
Received Import Request.
  Time since last request: 0.073350 seconds.
  path: Assets/AssetStoreOriginals/_SNAPS_PrototypingAssets/SciFi_Industrial/Materials/Red_snaps002.mat
  artifactKey: Guid(015a5e2de7cf2514eb887cb8b34877d8) Importer(815301076,1909f56bfc062723c751e8b465ee728b)
Start importing Assets/AssetStoreOriginals/_SNAPS_PrototypingAssets/SciFi_Industrial/Materials/Red_snaps002.mat using Guid(015a5e2de7cf2514eb887cb8b34877d8) Importer(815301076,1909f56bfc062723c751e8b465ee728b)  -> (artifact id: '13edaf274e357585892824623cabc33e') in 0.009212 seconds 
  Import took 0.014800 seconds .

========================================================================
Received Import Request.
  Time since last request: 0.000194 seconds.
  path: Assets/AssetStoreOriginals/_SNAPS_PrototypingAssets/SciFi_Industrial/Materials/White_snaps002.mat
  artifactKey: Guid(4a11ac89ec3635a4b896556552983d54) Importer(815301076,1909f56bfc062723c751e8b465ee728b)
Start importing Assets/AssetStoreOriginals/_SNAPS_PrototypingAssets/SciFi_Industrial/Materials/White_snaps002.mat using Guid(4a11ac89ec3635a4b896556552983d54) Importer(815301076,1909f56bfc062723c751e8b465ee728b)  -> (artifact id: 'c20f7abd1a1299ad9f78cc6acdd20969') in 0.010079 seconds 
  Import took 0.016745 seconds .

========================================================================
Received Import Request.
  Time since last request: 0.000212 seconds.
  path: Assets/AssetStoreOriginals/_SNAPS_PrototypingAssets/SciFi_Industrial/Materials/Yellow_snaps002.mat
  artifactKey: Guid(2e89229997eb0fd4fb0ceb1c61a61593) Importer(815301076,1909f56bfc062723c751e8b465ee728b)
Start importing Assets/AssetStoreOriginals/_SNAPS_PrototypingAssets/SciFi_Industrial/Materials/Yellow_snaps002.mat using Guid(2e89229997eb0fd4fb0ceb1c61a61593) Importer(815301076,1909f56bfc062723c751e8b465ee728b)  -> (artifact id: '098ffa61b7d8dec27fac70348a1a391e') in 0.009862 seconds 
  Import took 0.015357 seconds .

========================================================================
Received Import Request.
  Time since last request: 46.264776 seconds.
  path: Assets/Materials/Grid_Mat.mat
  artifactKey: Guid(1a1aaedfa0721084296b68955f0a2432) Importer(815301076,1909f56bfc062723c751e8b465ee728b)
Start importing Assets/Materials/Grid_Mat.mat using Guid(1a1aaedfa0721084296b68955f0a2432) Importer(815301076,1909f56bfc062723c751e8b465ee728b)  -> (artifact id: '6b8cc4495fb22c4ab82351fd3ed30d59') in 0.009821 seconds 
  Import took 0.016216 seconds .

========================================================================
Received Import Request.
  Time since last request: 81.497398 seconds.
  path: Assets/Textures/RT_Minimap.renderTexture
  artifactKey: Guid(cd06d79ee381cab478d54a065bd9474b) Importer(815301076,1909f56bfc062723c751e8b465ee728b)
Start importing Assets/Textures/RT_Minimap.renderTexture using Guid(cd06d79ee381cab478d54a065bd9474b) Importer(815301076,1909f56bfc062723c751e8b465ee728b)  -> (artifact id: '442f97b46b79c61d127112779fe90035') in 0.021373 seconds 
  Import took 0.028696 seconds .

========================================================================
Received Import Request.
  Time since last request: 0.001911 seconds.
  path: Assets/Textures/RT_Minimap.renderTexture
  artifactKey: Guid(cd06d79ee381cab478d54a065bd9474b) Importer(815301076,1909f56bfc062723c751e8b465ee728b)
Start importing Assets/Textures/RT_Minimap.renderTexture using Guid(cd06d79ee381cab478d54a065bd9474b) Importer(815301076,1909f56bfc062723c751e8b465ee728b)  -> (artifact id: '442f97b46b79c61d127112779fe90035') in 0.007678 seconds 
  Import took 0.015254 seconds .

========================================================================
Received Prepare
Registering precompiled user dll's ...
Registered in 0.006089 seconds.
Begin MonoManager ReloadAssembly
Native extension for WindowsStandalone target not found
Native extension for WebGL target not found
Refreshing native plugins compatible for Editor in 0.85 ms, found 2 plugins.
Preloading 0 native plugins for Editor in 0.00 ms.
Mono: successfully reloaded assembly
- Completed reload, in  1.362 seconds
Domain Reload Profiling:
	ReloadAssembly (1363ms)
		BeginReloadAssembly (155ms)
			ExecutionOrderSort (0ms)
			DisableScriptedObjects (6ms)
			BackupInstance (0ms)
			ReleaseScriptingObjects (0ms)
			CreateAndSetChildDomain (41ms)
		EndReloadAssembly (1060ms)
			LoadAssemblies (107ms)
			RebuildTransferFunctionScriptingTraits (0ms)
			SetupTypeCache (337ms)
			ReleaseScriptCaches (1ms)
			RebuildScriptCaches (43ms)
			SetupLoadedEditorAssemblies (435ms)
				LogAssemblyErrors (0ms)
				InitializePlatformSupportModulesInManaged (5ms)
				SetLoadedEditorAssemblies (0ms)
				RefreshPlugins (1ms)
				BeforeProcessingInitializeOnLoad (94ms)
				ProcessInitializeOnLoadAttributes (319ms)
				ProcessInitializeOnLoadMethodAttributes (7ms)
				AfterProcessingInitializeOnLoad (8ms)
				EditorAssembliesLoaded (0ms)
			ExecutionOrderSort2 (0ms)
			AwakeInstancesAfterBackupRestoration (15ms)
Platform modules already initialized, skipping
Shader 'Universal Render Pipeline/Particles/Lit': fallback shader 'Universal Render Pipeline/Particles/SimpleLit' not found
Refreshing native plugins compatible for Editor in 0.71 ms, found 2 plugins.
Preloading 0 native plugins for Editor in 0.00 ms.
Unloading 3415 Unused Serialized files (Serialized files now loaded: 0)
System memory in use before: 151.9 MB.
System memory in use after: 152.1 MB.

Unloading 15 unused Assets to reduce memory usage. Loaded Objects now: 4077.
Total: 3.815000 ms (FindLiveObjects: 0.309000 ms CreateObjectMapping: 0.170200 ms MarkObjects: 3.285000 ms  DeleteObjects: 0.049600 ms)

AssetImportParameters requested are different than current active one (requested -> active):
  custom:framework-win-MediaFoundation: 216162199b28c13a410421893ffa2e32 -> 
  custom:video-decoder-ogg-theora: a1e56fd34408186e4bbccfd4996cb3dc -> 
  custom:container-muxer-webm: aa71ff27fc2769a1b78a27578f13a17b -> 
  custom:container-demuxer-webm: 4f35f7cbe854078d1ac9338744f61a02 -> 
  custom:container-demuxer-ogg: 62fdf1f143b41e24485cea50d1cbac27 -> 
  custom:video-encoder-webm-vp8: eb34c28f22e8b96e1ab97ce403110664 -> 
  custom:video-decoder-webm-vp8: 9c59270c3fd7afecdb556c50c9e8de78 -> 
  custom:audio-decoder-ogg-vorbis: bf7c407c2cedff20999df2af8eb42d56 -> 
  custom:audio-encoder-webm-vorbis: bf7c407c2cedff20999df2af8eb42d56 -> 
AssetImportWorkerClient::OnTransportError - code=2 error=End of file
